<?xml version="1.0" encoding="UTF-8"?>
<testng-results skipped="0" failed="0" ignored="0" total="2" passed="2">
  <reporter-output>
  </reporter-output>
  <suite name="Suite" duration-ms="53" started-at="2018-04-20T13:41:15Z" finished-at="2018-04-20T13:41:15Z">
    <groups>
    </groups>
    <test name="Test" duration-ms="53" started-at="2018-04-20T13:41:15Z" finished-at="2018-04-20T13:41:15Z">
      <class name="demo.demo">
        <test-method status="PASS" signature="m()[pri:0, instance:demo.demo@17550481]" name="m" duration-ms="19" started-at="2018-04-20T19:11:15Z" finished-at="2018-04-20T19:11:15Z">
          <reporter-output>
          </reporter-output>
        </test-method> <!-- m -->
        <test-method status="PASS" signature="m1()[pri:0, instance:demo.demo@17550481]" name="m1" duration-ms="1" started-at="2018-04-20T19:11:15Z" finished-at="2018-04-20T19:11:15Z">
          <reporter-output>
          </reporter-output>
        </test-method> <!-- m1 -->
      </class> <!-- demo.demo -->
    </test> <!-- Test -->
  </suite> <!-- Suite -->
</testng-results>
